4fed9e4	v-pegao	Mon Aug 14 16:02:09 2017 +0800	Update info.json/t
3d71e06	v-pegao	Mon Aug 14 16:01:01 2017 +0800	Rename test.resx to Index.resx/t
bfea6dd	v-pegao	Mon Aug 14 15:56:40 2017 +0800	Rename jobs/108/Pages/Pricing/test.resx to jobs/13/Pages/Pricing/test.resx/t
c899b01	v-pegao	Mon Aug 14 15:56:01 2017 +0800	Rename jobs/108/info.json to jobs/13/info.json/t
d8c469d	v-pegao	Mon Aug 14 15:55:45 2017 +0800	Update info.json/t
37920e4	v-pegao	Mon Aug 14 13:47:56 2017 +0800	Create Resources.resx/t
3068937	v-pegao	Mon Aug 14 13:46:52 2017 +0800	Create info.json/t
9bf1803	v-pegao	Mon Aug 14 13:41:58 2017 +0800	Update info.json/t
217f6c4	v-pegao	Mon Aug 14 13:41:13 2017 +0800	Update info.json/t
42c5319	v-pegao	Wed Jul 19 13:54:42 2017 +0800	Rename jobs/108/Pages/Pricing/info.json to jobs/108/info.json/t
3a68e0c	v-pegao	Wed Jul 19 13:54:08 2017 +0800	Rename jobs/109/info.json to jobs/107/info.json/t
8232aa7	v-pegao	Wed Jul 19 13:53:35 2017 +0800	Rename jobs/109/Pages/Free/Index.resx to jobs/107/Pages/Free/Index.resx/t
dd1daa2	v-pegao	Wed Jul 19 13:41:20 2017 +0800	Update info.json/t
a5f3e9b	v-pegao	Wed Jul 19 13:40:38 2017 +0800	Index.resx/t
81c9a89	v-pegao	Wed Jul 19 13:37:44 2017 +0800	Create info.json/t
83da3cd	v-pegao	Wed Jul 19 13:36:20 2017 +0800	Rename jobs/109/Pages/Pricing/Index.resx to jobs/108/Pages/Pricing/test.resx/t
3ba2d26	v-pegao	Thu Jun 22 16:29:42 2017 +0800	Update Index.resx/t
0c446d0	v-pegao	Thu Jun 22 16:06:43 2017 +0800	Update and rename jobs/109/Pages/Enterprise/Index.resx to jobs/109/Pages/Pricing/Index.resx/t
b43dce8	v-pegao	Thu Jun 22 16:06:00 2017 +0800	Delete Index.ja-JP.resx/t
a7003c8	v-pegao	Thu Jun 22 16:05:35 2017 +0800	Update info.json/t
39a3b67	v-pegao	Fri May 5 15:26:28 2017 +0800	Merge pull request #2 from v-pegao/ResxAC116/t
806e8e0	v-pegao	Fri May 5 00:17:24 2017 -0700	Automated Loc handback/t
70c9f8b	v-pegao	Fri May 5 13:29:51 2017 +0800	Merge pull request #1 from v-pegao/109/t
c7acdbb	v-pegao	Thu May 4 22:25:47 2017 -0700	Automated Loc handback/t
9d45e81	v-pegao	Fri May 5 13:02:53 2017 +0800	Rename 109/info.json to jobs/109/info.json/t
50f48b3	v-pegao	Fri May 5 13:01:52 2017 +0800	Rename 109/Pages/Enterprise/Index.resx to jobs/109/Pages/Enterprise/Index.resx/t
48a4ce1	v-pegao	Fri May 5 11:32:49 2017 +0800	Update and rename 109/Pages/Types.resx to 109/Pages/Enterprise/Index.resx/t
4a2814a	v-pegao	Fri May 5 11:31:37 2017 +0800	Update info.json/t
9c903ba	v-pegao	Wed Apr 12 10:47:59 2017 +0800	Create Types.resx/t
a216817	v-pegao	Wed Apr 12 10:47:25 2017 +0800	Create info.json/t
1304d7c	v-pegao	Wed Apr 12 10:44:44 2017 +0800	Update and rename jobs/info.json to jobs.json/t
bd1d986	v-pegao	Sat Apr 1 14:15:43 2017 +0800	Update info.json/t
cab9b93	v-pegao	Sat Apr 1 14:13:21 2017 +0800	Create info.json/t
7a61b94	v-pegao	Sat Apr 1 10:59:09 2017 +0800	Initial commit/t